<?xml version="1.0" encoding="UTF-8"?>
<testng-results ignored="0" total="1" passed="1" failed="0" skipped="0">
  <reporter-output>
  </reporter-output>
  <suite started-at="2023-07-07T20:22:44 IST" name="Default suite" finished-at="2023-07-07T20:26:58 IST" duration-ms="254628">
    <groups>
    </groups>
    <test started-at="2023-07-07T20:22:44 IST" name="Default test" finished-at="2023-07-07T20:26:58 IST" duration-ms="254628">
      <class name="tests.glammmytest">
        <test-method is-config="true" signature="setUp()[pri:0, instance:tests.glammmytest@19932c16]" started-at="2023-07-07T20:22:44 IST" name="setUp" finished-at="2023-07-07T20:25:25 IST" duration-ms="160995" status="PASS">
          <reporter-output>
          </reporter-output>
        </test-method> <!-- setUp -->
        <test-method signature="glammyytestt()[pri:0, instance:tests.glammmytest@19932c16]" started-at="2023-07-07T20:25:25 IST" name="glammyytestt" finished-at="2023-07-07T20:26:58 IST" duration-ms="93393" status="PASS">
          <reporter-output>
          </reporter-output>
        </test-method> <!-- glammyytestt -->
      </class> <!-- tests.glammmytest -->
    </test> <!-- Default test -->
  </suite> <!-- Default suite -->
</testng-results>
