<?xml version="1.0" encoding="UTF-8"?>
<testng-results ignored="0" total="1" passed="1" failed="0" skipped="0">
  <reporter-output>
  </reporter-output>
  <suite started-at="2023-07-07T19:51:43 IST" name="Default suite" finished-at="2023-07-07T19:53:19 IST" duration-ms="96472">
    <groups>
    </groups>
    <test started-at="2023-07-07T19:51:43 IST" name="Default test" finished-at="2023-07-07T19:53:19 IST" duration-ms="96472">
      <class name="tests.glammmytest">
        <test-method is-config="true" signature="setUp()[pri:0, instance:tests.glammmytest@19932c16]" started-at="2023-07-07T19:51:43 IST" name="setUp" finished-at="2023-07-07T19:52:15 IST" duration-ms="32604" status="PASS">
          <reporter-output>
          </reporter-output>
        </test-method> <!-- setUp -->
        <test-method signature="glammyytestt()[pri:0, instance:tests.glammmytest@19932c16]" started-at="2023-07-07T19:52:15 IST" name="glammyytestt" finished-at="2023-07-07T19:53:19 IST" duration-ms="63828" status="PASS">
          <reporter-output>
          </reporter-output>
        </test-method> <!-- glammyytestt -->
      </class> <!-- tests.glammmytest -->
    </test> <!-- Default test -->
  </suite> <!-- Default suite -->
</testng-results>
